#! /opt/homebrew/Cellar/icarus-verilog/12.0/bin/vvp
:ivl_version "12.0 (stable)";
:ivl_delay_selection "TYPICAL";
:vpi_time_precision + 0;
:vpi_module "/opt/homebrew/Cellar/icarus-verilog/12.0/lib/ivl/system.vpi";
:vpi_module "/opt/homebrew/Cellar/icarus-verilog/12.0/lib/ivl/vhdl_sys.vpi";
:vpi_module "/opt/homebrew/Cellar/icarus-verilog/12.0/lib/ivl/vhdl_textio.vpi";
:vpi_module "/opt/homebrew/Cellar/icarus-verilog/12.0/lib/ivl/v2005_math.vpi";
:vpi_module "/opt/homebrew/Cellar/icarus-verilog/12.0/lib/ivl/va_math.vpi";
S_0x138e35bf0 .scope module, "float_multi" "float_multi" 2 7;
 .timescale 0 0;
    .port_info 0 /INPUT 16 "num1";
    .port_info 1 /INPUT 16 "num2";
    .port_info 2 /OUTPUT 16 "result";
L_0x138e704c0 .functor AND 1, L_0x138e70240, L_0x138e703c0, C4<1>, C4<1>;
L_0x138e705d0 .functor NOT 1, L_0x138e704c0, C4<0>, C4<0>, C4<0>;
L_0x138e707b0 .functor AND 1, L_0x138e71f20, L_0x138e70680, C4<1>, C4<1>;
L_0x138e70aa0 .functor AND 1, L_0x138e73b40, L_0x138e70960, C4<1>, C4<1>;
L_0x138e70b70 .functor OR 1, L_0x138e707b0, L_0x138e70aa0, C4<0>, C4<0>;
L_0x138e70ee0 .functor OR 1, L_0x138e705d0, L_0x138e70b70, C4<0>, C4<0>;
L_0x138e713a0 .functor AND 1, L_0x138e710b0, L_0x138e71290, C4<1>, C4<1>;
L_0x138e718c0 .functor AND 1, L_0x138e71590, L_0x138e71790, C4<1>, C4<1>;
L_0x138e71930 .functor OR 1, L_0x138e713a0, L_0x138e718c0, C4<0>, C4<0>;
L_0x138e71b10 .functor NOT 1, L_0x138e71a70, C4<0>, C4<0>, C4<0>;
L_0x138e71d00 .functor AND 1, L_0x138e71b10, L_0x138e71b80, C4<1>, C4<1>;
L_0x138e71dd0 .functor OR 1, L_0x138e71930, L_0x138e71d00, C4<0>, C4<0>;
o0x140041c60 .functor BUFZ 16, C4<zzzzzzzzzzzzzzzz>; HiZ drive
L_0x138e72040 .functor BUFZ 16, o0x140041c60, C4<0000000000000000>, C4<0000000000000000>, C4<0000000000000000>;
o0x140041c90 .functor BUFZ 16, C4<zzzzzzzzzzzzzzzz>; HiZ drive
L_0x138e727b0 .functor BUFZ 16, o0x140041c90, C4<0000000000000000>, C4<0000000000000000>, C4<0000000000000000>;
L_0x138e73710 .functor NOT 6, L_0x138e732e0, C4<000000>, C4<000000>, C4<000000>;
L_0x138e73da0 .functor XOR 1, L_0x138e71c60, L_0x138e724c0, C4<0>, C4<0>;
L_0x138e74350 .functor NOT 5, v0x138e6eb00_0, C4<00000>, C4<00000>, C4<00000>;
L_0x138e74440 .functor AND 5, L_0x138e74350, L_0x138e74670, C4<11111>, C4<11111>;
L_0x138e74b00 .functor OR 5, L_0x138e74710, L_0x138e747b0, C4<00000>, C4<00000>;
L_0x138e74c50 .functor OR 1, L_0x138e70ee0, L_0x138e73b40, C4<0>, C4<0>;
L_0x138e74f90 .functor OR 1, L_0x138e74c50, L_0x138e70db0, C4<0>, C4<0>;
L_0x138e750b0 .functor NOT 1, L_0x138e74f90, C4<0>, C4<0>, C4<0>;
L_0x138e75240 .functor AND 5, L_0x138e74b00, L_0x138e75120, C4<11111>, C4<11111>;
L_0x138e75680 .functor OR 1, L_0x138e70ee0, L_0x138e71dd0, C4<0>, C4<0>;
L_0x138e756f0 .functor NOT 1, L_0x138e75680, C4<0>, C4<0>, C4<0>;
L_0x138e75a30 .functor AND 10, L_0x138e74de0, L_0x138e75830, C4<1111111111>, C4<1111111111>;
L_0x138e76070 .functor BUFZ 22, L_0x138e77bc0, C4<0000000000000000000000>, C4<0000000000000000000000>, C4<0000000000000000000000>;
v0x138e5b9d0_0 .net *"_ivl_1", 14 0, L_0x138e701a0;  1 drivers
v0x138e69820_0 .net *"_ivl_100", 6 0, L_0x138e72f20;  1 drivers
L_0x140078130 .functor BUFT 1, C4<0>, C4<0>, C4<0>, C4<0>;
v0x138e698d0_0 .net *"_ivl_103", 0 0, L_0x140078130;  1 drivers
L_0x140078178 .functor BUFT 1, C4<0001111>, C4<0>, C4<0>, C4<0>;
v0x138e69990_0 .net/2u *"_ivl_104", 6 0, L_0x140078178;  1 drivers
L_0x1400781c0 .functor BUFT 1, C4<0>, C4<0>, C4<0>, C4<0>;
v0x138e69a40_0 .net/2u *"_ivl_108", 0 0, L_0x1400781c0;  1 drivers
v0x138e69b30_0 .net *"_ivl_110", 5 0, L_0x138e73200;  1 drivers
L_0x140078208 .functor BUFT 1, C4<0>, C4<0>, C4<0>, C4<0>;
v0x138e69be0_0 .net/2u *"_ivl_112", 0 0, L_0x140078208;  1 drivers
v0x138e69c90_0 .net *"_ivl_114", 5 0, L_0x138e73000;  1 drivers
v0x138e69d40_0 .net *"_ivl_119", 5 0, L_0x138e732e0;  1 drivers
L_0x140078010 .functor BUFT 1, C4<0000000000>, C4<0>, C4<0>, C4<0>;
v0x138e69e50_0 .net/2u *"_ivl_12", 9 0, L_0x140078010;  1 drivers
v0x138e69f00_0 .net *"_ivl_120", 5 0, L_0x138e73710;  1 drivers
L_0x140078250 .functor BUFT 1, C4<000001>, C4<0>, C4<0>, C4<0>;
v0x138e69fb0_0 .net/2u *"_ivl_122", 5 0, L_0x140078250;  1 drivers
v0x138e6a060_0 .net *"_ivl_124", 5 0, L_0x138e73880;  1 drivers
v0x138e6a110_0 .net *"_ivl_127", 5 0, L_0x138e735d0;  1 drivers
v0x138e6a1c0_0 .net *"_ivl_133", 0 0, L_0x138e73be0;  1 drivers
L_0x140078298 .functor BUFT 1, C4<0000000000>, C4<0>, C4<0>, C4<0>;
v0x138e6a260_0 .net/2u *"_ivl_134", 9 0, L_0x140078298;  1 drivers
v0x138e6a310_0 .net *"_ivl_139", 0 0, L_0x138e73e70;  1 drivers
v0x138e6a4a0_0 .net *"_ivl_14", 0 0, L_0x138e70680;  1 drivers
v0x138e6a530_0 .net *"_ivl_145", 4 0, L_0x138e74190;  1 drivers
L_0x1400782e0 .functor BUFT 1, C4<0000>, C4<0>, C4<0>, C4<0>;
v0x138e6a5c0_0 .net/2u *"_ivl_146", 3 0, L_0x1400782e0;  1 drivers
v0x138e6a670_0 .net *"_ivl_149", 0 0, L_0x138e73f90;  1 drivers
v0x138e6a720_0 .net *"_ivl_150", 4 0, L_0x138e74070;  1 drivers
v0x138e6a7d0_0 .net *"_ivl_152", 4 0, L_0x138e74230;  1 drivers
v0x138e6a880_0 .net *"_ivl_154", 4 0, L_0x138e74350;  1 drivers
v0x138e6a930_0 .net *"_ivl_156", 4 0, L_0x138e74670;  1 drivers
v0x138e6a9e0_0 .net *"_ivl_158", 4 0, L_0x138e74440;  1 drivers
v0x138e6aa90_0 .net *"_ivl_16", 0 0, L_0x138e707b0;  1 drivers
v0x138e6ab40_0 .net *"_ivl_160", 4 0, L_0x138e744f0;  1 drivers
L_0x140078328 .functor BUFT 1, C4<0000>, C4<0>, C4<0>, C4<0>;
v0x138e6abf0_0 .net/2u *"_ivl_162", 3 0, L_0x140078328;  1 drivers
v0x138e6aca0_0 .net *"_ivl_164", 4 0, L_0x138e74920;  1 drivers
v0x138e6ad50_0 .net *"_ivl_168", 4 0, L_0x138e747b0;  1 drivers
v0x138e6ae00_0 .net *"_ivl_170", 4 0, L_0x138e74b00;  1 drivers
v0x138e6aeb0_0 .net *"_ivl_172", 0 0, L_0x138e74c50;  1 drivers
v0x138e6a3c0_0 .net *"_ivl_174", 0 0, L_0x138e74f90;  1 drivers
v0x138e6b140_0 .net *"_ivl_176", 0 0, L_0x138e750b0;  1 drivers
v0x138e6b1d0_0 .net *"_ivl_178", 4 0, L_0x138e75120;  1 drivers
v0x138e6b270_0 .net *"_ivl_183", 9 0, L_0x138e753f0;  1 drivers
v0x138e6b320_0 .net *"_ivl_184", 9 0, L_0x138e74d40;  1 drivers
v0x138e6b3d0_0 .net *"_ivl_186", 9 0, L_0x138e74de0;  1 drivers
v0x138e6b480_0 .net *"_ivl_188", 0 0, L_0x138e75680;  1 drivers
v0x138e6b530_0 .net *"_ivl_19", 9 0, L_0x138e70880;  1 drivers
v0x138e6b5e0_0 .net *"_ivl_190", 0 0, L_0x138e756f0;  1 drivers
v0x138e6b690_0 .net *"_ivl_192", 9 0, L_0x138e75830;  1 drivers
v0x138e6b740_0 .net *"_ivl_197", 0 0, L_0x138e75aa0;  1 drivers
v0x138e6b7f0_0 .net *"_ivl_199", 9 0, L_0x138e75490;  1 drivers
v0x138e6b8a0_0 .net *"_ivl_201", 9 0, L_0x138e755b0;  1 drivers
L_0x140078370 .functor BUFT 1, C4<0000000000>, C4<0>, C4<0>, C4<0>;
v0x138e6b950_0 .net/2u *"_ivl_204", 9 0, L_0x140078370;  1 drivers
v0x138e6ba00_0 .net *"_ivl_207", 0 0, L_0x138e75eb0;  1 drivers
v0x138e6bab0_0 .net *"_ivl_208", 10 0, L_0x138e75b40;  1 drivers
v0x138e6bb60_0 .net *"_ivl_21", 0 0, L_0x138e70960;  1 drivers
v0x138e6bc00_0 .net *"_ivl_210", 11 0, L_0x138e75c60;  1 drivers
L_0x1400783b8 .functor BUFT 1, C4<0>, C4<0>, C4<0>, C4<0>;
v0x138e6bcb0_0 .net *"_ivl_213", 0 0, L_0x1400783b8;  1 drivers
v0x138e6bd60_0 .net *"_ivl_22", 0 0, L_0x138e70aa0;  1 drivers
v0x138e6be10_0 .net *"_ivl_220", 21 0, L_0x138e76070;  1 drivers
v0x138e6bec0_0 .net *"_ivl_222", 21 0, L_0x138e760e0;  1 drivers
L_0x140078400 .functor BUFT 1, C4<0>, C4<0>, C4<0>, C4<0>;
v0x138e6bf70_0 .net *"_ivl_225", 0 0, L_0x140078400;  1 drivers
v0x138e6c020_0 .net *"_ivl_227", 21 0, L_0x138e763a0;  1 drivers
L_0x140078448 .functor BUFT 1, C4<0>, C4<0>, C4<0>, C4<0>;
v0x138e6c0d0_0 .net *"_ivl_230", 0 0, L_0x140078448;  1 drivers
v0x138e6c180_0 .net *"_ivl_231", 21 0, L_0x138e76440;  1 drivers
v0x138e6c230_0 .net *"_ivl_234", 21 0, L_0x138e76520;  1 drivers
L_0x140078490 .functor BUFT 1, C4<0>, C4<0>, C4<0>, C4<0>;
v0x138e6c2e0_0 .net *"_ivl_237", 0 0, L_0x140078490;  1 drivers
v0x138e6c390_0 .net *"_ivl_238", 21 0, L_0x138e76a60;  1 drivers
v0x138e6c440_0 .net *"_ivl_241", 21 0, L_0x138e766c0;  1 drivers
L_0x1400784d8 .functor BUFT 1, C4<0>, C4<0>, C4<0>, C4<0>;
v0x138e6c4f0_0 .net *"_ivl_244", 0 0, L_0x1400784d8;  1 drivers
v0x138e6c5a0_0 .net *"_ivl_245", 21 0, L_0x138e76760;  1 drivers
v0x138e6af60_0 .net *"_ivl_248", 21 0, L_0x138e76880;  1 drivers
L_0x140078520 .functor BUFT 1, C4<0>, C4<0>, C4<0>, C4<0>;
v0x138e6b010_0 .net *"_ivl_251", 0 0, L_0x140078520;  1 drivers
v0x138e6c630_0 .net *"_ivl_252", 21 0, L_0x138e76e40;  1 drivers
v0x138e6c6c0_0 .net *"_ivl_255", 21 0, L_0x138e76b60;  1 drivers
L_0x140078568 .functor BUFT 1, C4<0>, C4<0>, C4<0>, C4<0>;
v0x138e6c750_0 .net *"_ivl_258", 0 0, L_0x140078568;  1 drivers
v0x138e6c7e0_0 .net *"_ivl_259", 21 0, L_0x138e76c60;  1 drivers
L_0x140078058 .functor BUFT 1, C4<0>, C4<0>, C4<0>, C4<0>;
v0x138e6c870_0 .net/2u *"_ivl_26", 0 0, L_0x140078058;  1 drivers
v0x138e6c920_0 .net *"_ivl_262", 21 0, L_0x138e77220;  1 drivers
L_0x1400785b0 .functor BUFT 1, C4<0>, C4<0>, C4<0>, C4<0>;
v0x138e6c9d0_0 .net *"_ivl_265", 0 0, L_0x1400785b0;  1 drivers
v0x138e6ca80_0 .net *"_ivl_266", 21 0, L_0x138e772c0;  1 drivers
v0x138e6cb30_0 .net *"_ivl_269", 21 0, L_0x138e76f80;  1 drivers
L_0x1400785f8 .functor BUFT 1, C4<0>, C4<0>, C4<0>, C4<0>;
v0x138e6cbe0_0 .net *"_ivl_272", 0 0, L_0x1400785f8;  1 drivers
v0x138e6cc90_0 .net *"_ivl_273", 21 0, L_0x138e77080;  1 drivers
v0x138e6cd40_0 .net *"_ivl_276", 21 0, L_0x138e776c0;  1 drivers
L_0x140078640 .functor BUFT 1, C4<0>, C4<0>, C4<0>, C4<0>;
v0x138e6cdf0_0 .net *"_ivl_279", 0 0, L_0x140078640;  1 drivers
v0x138e6cea0_0 .net *"_ivl_28", 5 0, L_0x138e70cb0;  1 drivers
v0x138e6cf50_0 .net *"_ivl_280", 21 0, L_0x138e77760;  1 drivers
v0x138e6d000_0 .net *"_ivl_283", 21 0, L_0x138e77400;  1 drivers
L_0x140078688 .functor BUFT 1, C4<0>, C4<0>, C4<0>, C4<0>;
v0x138e6d0b0_0 .net *"_ivl_286", 0 0, L_0x140078688;  1 drivers
v0x138e6d160_0 .net *"_ivl_287", 21 0, L_0x138e774e0;  1 drivers
v0x138e6d210_0 .net *"_ivl_290", 21 0, L_0x138e77600;  1 drivers
L_0x1400786d0 .functor BUFT 1, C4<0>, C4<0>, C4<0>, C4<0>;
v0x138e6d2c0_0 .net *"_ivl_293", 0 0, L_0x1400786d0;  1 drivers
v0x138e6d370_0 .net *"_ivl_297", 4 0, L_0x138e778a0;  1 drivers
v0x138e6d420_0 .net *"_ivl_3", 0 0, L_0x138e70240;  1 drivers
v0x138e6d4c0_0 .net *"_ivl_35", 4 0, L_0x138e70fd0;  1 drivers
v0x138e6d570_0 .net *"_ivl_37", 0 0, L_0x138e710b0;  1 drivers
v0x138e6d610_0 .net *"_ivl_39", 9 0, L_0x138e711f0;  1 drivers
v0x138e6d6c0_0 .net *"_ivl_41", 0 0, L_0x138e71290;  1 drivers
v0x138e6d760_0 .net *"_ivl_42", 0 0, L_0x138e713a0;  1 drivers
v0x138e6d810_0 .net *"_ivl_45", 4 0, L_0x138e714b0;  1 drivers
v0x138e6d8c0_0 .net *"_ivl_47", 0 0, L_0x138e71590;  1 drivers
v0x138e6d960_0 .net *"_ivl_49", 9 0, L_0x138e716f0;  1 drivers
v0x138e6da10_0 .net *"_ivl_5", 14 0, L_0x138e702e0;  1 drivers
v0x138e6dac0_0 .net *"_ivl_51", 0 0, L_0x138e71790;  1 drivers
v0x138e6db60_0 .net *"_ivl_52", 0 0, L_0x138e718c0;  1 drivers
v0x138e6dc10_0 .net *"_ivl_57", 0 0, L_0x138e71a70;  1 drivers
v0x138e6dcc0_0 .net *"_ivl_58", 0 0, L_0x138e71b10;  1 drivers
v0x138e6dd70_0 .net *"_ivl_61", 0 0, L_0x138e71b80;  1 drivers
v0x138e6de20_0 .net *"_ivl_62", 0 0, L_0x138e71d00;  1 drivers
v0x138e6ded0_0 .net *"_ivl_67", 1 0, L_0x138e71e80;  1 drivers
v0x138e6df80_0 .net *"_ivl_7", 0 0, L_0x138e703c0;  1 drivers
v0x138e6e020_0 .net *"_ivl_75", 15 0, L_0x138e72040;  1 drivers
v0x138e6e0d0_0 .net *"_ivl_8", 0 0, L_0x138e704c0;  1 drivers
v0x138e6e180_0 .net *"_ivl_81", 15 0, L_0x138e727b0;  1 drivers
L_0x1400780a0 .functor BUFT 1, C4<0000>, C4<0>, C4<0>, C4<0>;
v0x138e6e230_0 .net/2u *"_ivl_82", 3 0, L_0x1400780a0;  1 drivers
v0x138e6e2e0_0 .net *"_ivl_85", 0 0, L_0x138e728a0;  1 drivers
v0x138e6e380_0 .net *"_ivl_86", 4 0, L_0x138e72940;  1 drivers
L_0x1400780e8 .functor BUFT 1, C4<0000>, C4<0>, C4<0>, C4<0>;
v0x138e6e430_0 .net/2u *"_ivl_90", 3 0, L_0x1400780e8;  1 drivers
v0x138e6e4e0_0 .net *"_ivl_93", 0 0, L_0x138e726d0;  1 drivers
v0x138e6e580_0 .net *"_ivl_94", 4 0, L_0x138e72cd0;  1 drivers
v0x138e6e630_0 .net "dump_res", 9 0, L_0x138e75f50;  1 drivers
v0x138e6e6e0_0 .net "ex1", 4 0, L_0x138e72ad0;  1 drivers
v0x138e6e790_0 .net "ex1_pre", 4 0, L_0x138e720f0;  1 drivers
v0x138e6e840_0 .net "ex2", 4 0, L_0x138e72d70;  1 drivers
v0x138e6e8f0_0 .net "ex2_pre", 4 0, L_0x138e72630;  1 drivers
v0x138e6e9a0_0 .net "exR", 4 0, L_0x138e75240;  1 drivers
v0x138e6ea50_0 .net "exR_calc", 4 0, L_0x138e74710;  1 drivers
v0x138e6eb00_0 .var "exSubCor", 4 0;
v0x138e6ebb0_0 .net "exSum", 6 0, L_0x138e73120;  1 drivers
v0x138e6ec60_0 .net "exSum_abs", 5 0, L_0x138e73670;  1 drivers
v0x138e6ed10_0 .net "exSum_fault", 4 0, L_0x138e77940;  1 drivers
v0x138e6edc0_0 .net "exSum_prebais", 5 0, L_0x138e73450;  1 drivers
v0x138e6ee70_0 .net "exSum_sign", 0 0, L_0x138e73b40;  1 drivers
v0x138e6ef10_0 .net "ex_cannot_correct", 0 0, L_0x138e70db0;  1 drivers
v0x138e6efb0_0 .net "float1", 20 0, L_0x138e73920;  1 drivers
v0x138e6f060_0 .net "float2", 10 0, L_0x138e73d00;  1 drivers
v0x138e6f110_0 .net "float_res", 11 0, L_0x138e761c0;  1 drivers
v0x138e6f1c0_0 .net "float_res_fra", 9 0, L_0x138e75d50;  1 drivers
v0x138e6f270_0 .net "float_res_preround", 11 0, L_0x138e762c0;  1 drivers
v0x138e6f320_0 .net "fra1", 9 0, L_0x138e722b0;  1 drivers
v0x138e6f3d0_0 .net "fra2", 9 0, L_0x138e721d0;  1 drivers
v0x138e6f480_0 .net "fraR", 9 0, L_0x138e75a30;  1 drivers
v0x138e6f530_0 .var "fraSub", 9 0;
v0x138e6f5e0_0 .var "fraSub_corrected", 9 0;
v0x138e6f690_0 .net "inf_num", 0 0, L_0x138e71930;  1 drivers
v0x138e6f730 .array "mid", 0 10, 20 0;
v0x138e6f8e0_0 .net "num1", 15 0, o0x140041c60;  0 drivers
v0x138e6f990_0 .net "num2", 15 0, o0x140041c90;  0 drivers
v0x138e6fa40_0 .net "overflow", 0 0, L_0x138e71dd0;  1 drivers
v0x138e6fae0_0 .var "res_full", 21 0;
v0x138e6fb90_0 .net "res_full_preshift", 21 0, L_0x138e77bc0;  1 drivers
v0x138e6fc40_0 .net "result", 15 0, L_0x138e72bb0;  1 drivers
v0x138e6fcf0_0 .net "sign1", 0 0, L_0x138e71c60;  1 drivers
v0x138e6fd90_0 .net "sign2", 0 0, L_0x138e724c0;  1 drivers
v0x138e6fe30_0 .net "signR", 0 0, L_0x138e73da0;  1 drivers
v0x138e6fed0_0 .net "subNormal", 0 0, L_0x138e71f20;  1 drivers
v0x138e6ff70_0 .net "zero", 0 0, L_0x138e70ee0;  1 drivers
v0x138e70010_0 .net "zero_calculated", 0 0, L_0x138e70b70;  1 drivers
v0x138e700b0_0 .net "zero_num_in", 0 0, L_0x138e705d0;  1 drivers
E_0x138e09870 .event anyedge, v0x138e6fae0_0;
E_0x138e0c220 .event anyedge, v0x138e6efb0_0, v0x138e6f060_0;
E_0x138e0c4b0 .event anyedge, v0x138e6ef10_0, v0x138e6ed10_0, v0x138e6f530_0;
E_0x138e0c390 .event anyedge, v0x138e6ee70_0, v0x138e6ec60_0, v0x138e6fb90_0;
L_0x138e701a0 .part o0x140041c60, 0, 15;
L_0x138e70240 .reduce/or L_0x138e701a0;
L_0x138e702e0 .part o0x140041c90, 0, 15;
L_0x138e703c0 .reduce/or L_0x138e702e0;
L_0x138e70680 .cmp/eq 10, v0x138e6f530_0, L_0x140078010;
L_0x138e70880 .part v0x138e6fae0_0, 11, 10;
L_0x138e70960 .reduce/nor L_0x138e70880;
L_0x138e70cb0 .concat [ 5 1 0 0], v0x138e6eb00_0, L_0x140078058;
L_0x138e70db0 .cmp/gt 6, L_0x138e70cb0, L_0x138e73670;
L_0x138e70fd0 .part o0x140041c60, 10, 5;
L_0x138e710b0 .reduce/and L_0x138e70fd0;
L_0x138e711f0 .part o0x140041c60, 0, 10;
L_0x138e71290 .reduce/nor L_0x138e711f0;
L_0x138e714b0 .part o0x140041c90, 10, 5;
L_0x138e71590 .reduce/and L_0x138e714b0;
L_0x138e716f0 .part o0x140041c90, 0, 10;
L_0x138e71790 .reduce/nor L_0x138e716f0;
L_0x138e71a70 .part L_0x138e73120, 6, 1;
L_0x138e71b80 .part L_0x138e73120, 5, 1;
L_0x138e71e80 .part L_0x138e761c0, 10, 2;
L_0x138e71f20 .reduce/nor L_0x138e71e80;
L_0x138e71c60 .part L_0x138e72040, 15, 1;
L_0x138e720f0 .part L_0x138e72040, 10, 5;
L_0x138e722b0 .part L_0x138e72040, 0, 10;
L_0x138e724c0 .part L_0x138e727b0, 15, 1;
L_0x138e72630 .part L_0x138e727b0, 10, 5;
L_0x138e721d0 .part L_0x138e727b0, 0, 10;
L_0x138e728a0 .reduce/nor L_0x138e720f0;
L_0x138e72940 .concat [ 1 4 0 0], L_0x138e728a0, L_0x1400780a0;
L_0x138e72ad0 .arith/sum 5, L_0x138e720f0, L_0x138e72940;
L_0x138e726d0 .reduce/nor L_0x138e72630;
L_0x138e72cd0 .concat [ 1 4 0 0], L_0x138e726d0, L_0x1400780e8;
L_0x138e72d70 .arith/sum 5, L_0x138e72630, L_0x138e72cd0;
L_0x138e72bb0 .concat [ 10 5 1 0], L_0x138e75a30, L_0x138e75240, L_0x138e73da0;
L_0x138e72f20 .concat [ 6 1 0 0], L_0x138e73450, L_0x140078130;
L_0x138e73120 .arith/sub 7, L_0x138e72f20, L_0x140078178;
L_0x138e73200 .concat [ 5 1 0 0], L_0x138e72ad0, L_0x1400781c0;
L_0x138e73000 .concat [ 5 1 0 0], L_0x138e72d70, L_0x140078208;
L_0x138e73450 .arith/sum 6, L_0x138e73200, L_0x138e73000;
L_0x138e732e0 .part L_0x138e73120, 0, 6;
L_0x138e73880 .arith/sum 6, L_0x138e73710, L_0x140078250;
L_0x138e735d0 .part L_0x138e73120, 0, 6;
L_0x138e73670 .functor MUXZ 6, L_0x138e735d0, L_0x138e73880, L_0x138e73b40, C4<>;
L_0x138e73b40 .part L_0x138e73120, 6, 1;
L_0x138e73be0 .reduce/or L_0x138e720f0;
L_0x138e73920 .concat [ 10 10 1 0], L_0x140078298, L_0x138e722b0, L_0x138e73be0;
L_0x138e73e70 .reduce/or L_0x138e72630;
L_0x138e73d00 .concat [ 10 1 0 0], L_0x138e721d0, L_0x138e73e70;
L_0x138e74190 .part L_0x138e73120, 0, 5;
L_0x138e73f90 .part L_0x138e761c0, 11, 1;
L_0x138e74070 .concat [ 1 4 0 0], L_0x138e73f90, L_0x1400782e0;
L_0x138e74230 .arith/sum 5, L_0x138e74190, L_0x138e74070;
LS_0x138e74670_0_0 .concat [ 1 1 1 1], L_0x138e71f20, L_0x138e71f20, L_0x138e71f20, L_0x138e71f20;
LS_0x138e74670_0_4 .concat [ 1 0 0 0], L_0x138e71f20;
L_0x138e74670 .concat [ 4 1 0 0], LS_0x138e74670_0_0, LS_0x138e74670_0_4;
L_0x138e744f0 .arith/sum 5, L_0x138e74230, L_0x138e74440;
L_0x138e74920 .concat [ 1 4 0 0], L_0x138e71f20, L_0x140078328;
L_0x138e74710 .arith/sum 5, L_0x138e744f0, L_0x138e74920;
LS_0x138e747b0_0_0 .concat [ 1 1 1 1], L_0x138e71dd0, L_0x138e71dd0, L_0x138e71dd0, L_0x138e71dd0;
LS_0x138e747b0_0_4 .concat [ 1 0 0 0], L_0x138e71dd0;
L_0x138e747b0 .concat [ 4 1 0 0], LS_0x138e747b0_0_0, LS_0x138e747b0_0_4;
LS_0x138e75120_0_0 .concat [ 1 1 1 1], L_0x138e750b0, L_0x138e750b0, L_0x138e750b0, L_0x138e750b0;
LS_0x138e75120_0_4 .concat [ 1 0 0 0], L_0x138e750b0;
L_0x138e75120 .concat [ 4 1 0 0], LS_0x138e75120_0_0, LS_0x138e75120_0_4;
L_0x138e753f0 .part v0x138e6fae0_0, 11, 10;
L_0x138e74d40 .functor MUXZ 10, L_0x138e75d50, v0x138e6f5e0_0, L_0x138e71f20, C4<>;
L_0x138e74de0 .functor MUXZ 10, L_0x138e74d40, L_0x138e753f0, L_0x138e73b40, C4<>;
LS_0x138e75830_0_0 .concat [ 1 1 1 1], L_0x138e756f0, L_0x138e756f0, L_0x138e756f0, L_0x138e756f0;
LS_0x138e75830_0_4 .concat [ 1 1 1 1], L_0x138e756f0, L_0x138e756f0, L_0x138e756f0, L_0x138e756f0;
LS_0x138e75830_0_8 .concat [ 1 1 0 0], L_0x138e756f0, L_0x138e756f0;
L_0x138e75830 .concat [ 4 4 2 0], LS_0x138e75830_0_0, LS_0x138e75830_0_4, LS_0x138e75830_0_8;
L_0x138e75aa0 .part L_0x138e761c0, 11, 1;
L_0x138e75490 .part L_0x138e761c0, 1, 10;
L_0x138e755b0 .part L_0x138e761c0, 0, 10;
L_0x138e75d50 .functor MUXZ 10, L_0x138e755b0, L_0x138e75490, L_0x138e75aa0, C4<>;
L_0x138e75eb0 .part L_0x138e75f50, 9, 1;
L_0x138e75b40 .concat [ 1 10 0 0], L_0x138e75eb0, L_0x140078370;
L_0x138e75c60 .concat [ 11 1 0 0], L_0x138e75b40, L_0x1400783b8;
L_0x138e761c0 .arith/sum 12, L_0x138e762c0, L_0x138e75c60;
L_0x138e762c0 .part L_0x138e76070, 10, 12;
L_0x138e75f50 .part L_0x138e76070, 0, 10;
v0x138e6f730_0 .array/port v0x138e6f730, 0;
L_0x138e760e0 .concat [ 21 1 0 0], v0x138e6f730_0, L_0x140078400;
v0x138e6f730_1 .array/port v0x138e6f730, 1;
L_0x138e763a0 .concat [ 21 1 0 0], v0x138e6f730_1, L_0x140078448;
L_0x138e76440 .arith/sum 22, L_0x138e760e0, L_0x138e763a0;
v0x138e6f730_2 .array/port v0x138e6f730, 2;
L_0x138e76520 .concat [ 21 1 0 0], v0x138e6f730_2, L_0x140078490;
L_0x138e76a60 .arith/sum 22, L_0x138e76440, L_0x138e76520;
v0x138e6f730_3 .array/port v0x138e6f730, 3;
L_0x138e766c0 .concat [ 21 1 0 0], v0x138e6f730_3, L_0x1400784d8;
L_0x138e76760 .arith/sum 22, L_0x138e76a60, L_0x138e766c0;
v0x138e6f730_4 .array/port v0x138e6f730, 4;
L_0x138e76880 .concat [ 21 1 0 0], v0x138e6f730_4, L_0x140078520;
L_0x138e76e40 .arith/sum 22, L_0x138e76760, L_0x138e76880;
v0x138e6f730_5 .array/port v0x138e6f730, 5;
L_0x138e76b60 .concat [ 21 1 0 0], v0x138e6f730_5, L_0x140078568;
L_0x138e76c60 .arith/sum 22, L_0x138e76e40, L_0x138e76b60;
v0x138e6f730_6 .array/port v0x138e6f730, 6;
L_0x138e77220 .concat [ 21 1 0 0], v0x138e6f730_6, L_0x1400785b0;
L_0x138e772c0 .arith/sum 22, L_0x138e76c60, L_0x138e77220;
v0x138e6f730_7 .array/port v0x138e6f730, 7;
L_0x138e76f80 .concat [ 21 1 0 0], v0x138e6f730_7, L_0x1400785f8;
L_0x138e77080 .arith/sum 22, L_0x138e772c0, L_0x138e76f80;
v0x138e6f730_8 .array/port v0x138e6f730, 8;
L_0x138e776c0 .concat [ 21 1 0 0], v0x138e6f730_8, L_0x140078640;
L_0x138e77760 .arith/sum 22, L_0x138e77080, L_0x138e776c0;
v0x138e6f730_9 .array/port v0x138e6f730, 9;
L_0x138e77400 .concat [ 21 1 0 0], v0x138e6f730_9, L_0x140078688;
L_0x138e774e0 .arith/sum 22, L_0x138e77760, L_0x138e77400;
v0x138e6f730_10 .array/port v0x138e6f730, 10;
L_0x138e77600 .concat [ 21 1 0 0], v0x138e6f730_10, L_0x1400786d0;
L_0x138e77bc0 .arith/sum 22, L_0x138e774e0, L_0x138e77600;
L_0x138e778a0 .part L_0x138e73670, 0, 5;
L_0x138e77940 .arith/sub 5, v0x138e6eb00_0, L_0x138e778a0;
    .scope S_0x138e35bf0;
T_0 ;
    %wait E_0x138e0c390;
    %load/vec4 v0x138e6ee70_0;
    %flag_set/vec4 8;
    %jmp/0xz  T_0.0, 8;
    %load/vec4 v0x138e6ec60_0;
    %dup/vec4;
    %pushi/vec4 0, 0, 6;
    %cmp/u;
    %jmp/1 T_0.2, 6;
    %dup/vec4;
    %pushi/vec4 1, 0, 6;
    %cmp/u;
    %jmp/1 T_0.3, 6;
    %dup/vec4;
    %pushi/vec4 2, 0, 6;
    %cmp/u;
    %jmp/1 T_0.4, 6;
    %dup/vec4;
    %pushi/vec4 3, 0, 6;
    %cmp/u;
    %jmp/1 T_0.5, 6;
    %dup/vec4;
    %pushi/vec4 4, 0, 6;
    %cmp/u;
    %jmp/1 T_0.6, 6;
    %dup/vec4;
    %pushi/vec4 5, 0, 6;
    %cmp/u;
    %jmp/1 T_0.7, 6;
    %dup/vec4;
    %pushi/vec4 6, 0, 6;
    %cmp/u;
    %jmp/1 T_0.8, 6;
    %dup/vec4;
    %pushi/vec4 7, 0, 6;
    %cmp/u;
    %jmp/1 T_0.9, 6;
    %dup/vec4;
    %pushi/vec4 8, 0, 6;
    %cmp/u;
    %jmp/1 T_0.10, 6;
    %dup/vec4;
    %pushi/vec4 9, 0, 6;
    %cmp/u;
    %jmp/1 T_0.11, 6;
    %dup/vec4;
    %pushi/vec4 10, 0, 6;
    %cmp/u;
    %jmp/1 T_0.12, 6;
    %dup/vec4;
    %pushi/vec4 11, 0, 6;
    %cmp/u;
    %jmp/1 T_0.13, 6;
    %dup/vec4;
    %pushi/vec4 12, 0, 6;
    %cmp/u;
    %jmp/1 T_0.14, 6;
    %dup/vec4;
    %pushi/vec4 13, 0, 6;
    %cmp/u;
    %jmp/1 T_0.15, 6;
    %dup/vec4;
    %pushi/vec4 14, 0, 6;
    %cmp/u;
    %jmp/1 T_0.16, 6;
    %dup/vec4;
    %pushi/vec4 15, 0, 6;
    %cmp/u;
    %jmp/1 T_0.17, 6;
    %load/vec4 v0x138e6fb90_0;
    %ix/load 4, 16, 0;
    %flag_set/imm 4, 0;
    %shiftr 4;
    %store/vec4 v0x138e6fae0_0, 0, 22;
    %jmp T_0.19;
T_0.2 ;
    %load/vec4 v0x138e6fb90_0;
    %store/vec4 v0x138e6fae0_0, 0, 22;
    %jmp T_0.19;
T_0.3 ;
    %load/vec4 v0x138e6fb90_0;
    %ix/load 4, 1, 0;
    %flag_set/imm 4, 0;
    %shiftr 4;
    %store/vec4 v0x138e6fae0_0, 0, 22;
    %jmp T_0.19;
T_0.4 ;
    %load/vec4 v0x138e6fb90_0;
    %ix/load 4, 2, 0;
    %flag_set/imm 4, 0;
    %shiftr 4;
    %store/vec4 v0x138e6fae0_0, 0, 22;
    %jmp T_0.19;
T_0.5 ;
    %load/vec4 v0x138e6fb90_0;
    %ix/load 4, 3, 0;
    %flag_set/imm 4, 0;
    %shiftr 4;
    %store/vec4 v0x138e6fae0_0, 0, 22;
    %jmp T_0.19;
T_0.6 ;
    %load/vec4 v0x138e6fb90_0;
    %ix/load 4, 4, 0;
    %flag_set/imm 4, 0;
    %shiftr 4;
    %store/vec4 v0x138e6fae0_0, 0, 22;
    %jmp T_0.19;
T_0.7 ;
    %load/vec4 v0x138e6fb90_0;
    %ix/load 4, 5, 0;
    %flag_set/imm 4, 0;
    %shiftr 4;
    %store/vec4 v0x138e6fae0_0, 0, 22;
    %jmp T_0.19;
T_0.8 ;
    %load/vec4 v0x138e6fb90_0;
    %ix/load 4, 6, 0;
    %flag_set/imm 4, 0;
    %shiftr 4;
    %store/vec4 v0x138e6fae0_0, 0, 22;
    %jmp T_0.19;
T_0.9 ;
    %load/vec4 v0x138e6fb90_0;
    %ix/load 4, 7, 0;
    %flag_set/imm 4, 0;
    %shiftr 4;
    %store/vec4 v0x138e6fae0_0, 0, 22;
    %jmp T_0.19;
T_0.10 ;
    %load/vec4 v0x138e6fb90_0;
    %ix/load 4, 8, 0;
    %flag_set/imm 4, 0;
    %shiftr 4;
    %store/vec4 v0x138e6fae0_0, 0, 22;
    %jmp T_0.19;
T_0.11 ;
    %load/vec4 v0x138e6fb90_0;
    %ix/load 4, 9, 0;
    %flag_set/imm 4, 0;
    %shiftr 4;
    %store/vec4 v0x138e6fae0_0, 0, 22;
    %jmp T_0.19;
T_0.12 ;
    %load/vec4 v0x138e6fb90_0;
    %ix/load 4, 10, 0;
    %flag_set/imm 4, 0;
    %shiftr 4;
    %store/vec4 v0x138e6fae0_0, 0, 22;
    %jmp T_0.19;
T_0.13 ;
    %load/vec4 v0x138e6fb90_0;
    %ix/load 4, 11, 0;
    %flag_set/imm 4, 0;
    %shiftr 4;
    %store/vec4 v0x138e6fae0_0, 0, 22;
    %jmp T_0.19;
T_0.14 ;
    %load/vec4 v0x138e6fb90_0;
    %ix/load 4, 12, 0;
    %flag_set/imm 4, 0;
    %shiftr 4;
    %store/vec4 v0x138e6fae0_0, 0, 22;
    %jmp T_0.19;
T_0.15 ;
    %load/vec4 v0x138e6fb90_0;
    %ix/load 4, 13, 0;
    %flag_set/imm 4, 0;
    %shiftr 4;
    %store/vec4 v0x138e6fae0_0, 0, 22;
    %jmp T_0.19;
T_0.16 ;
    %load/vec4 v0x138e6fb90_0;
    %ix/load 4, 14, 0;
    %flag_set/imm 4, 0;
    %shiftr 4;
    %store/vec4 v0x138e6fae0_0, 0, 22;
    %jmp T_0.19;
T_0.17 ;
    %load/vec4 v0x138e6fb90_0;
    %ix/load 4, 15, 0;
    %flag_set/imm 4, 0;
    %shiftr 4;
    %store/vec4 v0x138e6fae0_0, 0, 22;
    %jmp T_0.19;
T_0.19 ;
    %pop/vec4 1;
    %jmp T_0.1;
T_0.0 ;
    %load/vec4 v0x138e6fb90_0;
    %store/vec4 v0x138e6fae0_0, 0, 22;
T_0.1 ;
    %jmp T_0;
    .thread T_0, $push;
    .scope S_0x138e35bf0;
T_1 ;
    %wait E_0x138e0c4b0;
    %load/vec4 v0x138e6ef10_0;
    %flag_set/vec4 8;
    %jmp/0xz  T_1.0, 8;
    %load/vec4 v0x138e6ed10_0;
    %dup/vec4;
    %pushi/vec4 0, 0, 5;
    %cmp/u;
    %jmp/1 T_1.2, 6;
    %dup/vec4;
    %pushi/vec4 1, 0, 5;
    %cmp/u;
    %jmp/1 T_1.3, 6;
    %dup/vec4;
    %pushi/vec4 2, 0, 5;
    %cmp/u;
    %jmp/1 T_1.4, 6;
    %dup/vec4;
    %pushi/vec4 3, 0, 5;
    %cmp/u;
    %jmp/1 T_1.5, 6;
    %dup/vec4;
    %pushi/vec4 4, 0, 5;
    %cmp/u;
    %jmp/1 T_1.6, 6;
    %dup/vec4;
    %pushi/vec4 5, 0, 5;
    %cmp/u;
    %jmp/1 T_1.7, 6;
    %dup/vec4;
    %pushi/vec4 6, 0, 5;
    %cmp/u;
    %jmp/1 T_1.8, 6;
    %dup/vec4;
    %pushi/vec4 7, 0, 5;
    %cmp/u;
    %jmp/1 T_1.9, 6;
    %dup/vec4;
    %pushi/vec4 8, 0, 5;
    %cmp/u;
    %jmp/1 T_1.10, 6;
    %dup/vec4;
    %pushi/vec4 9, 0, 5;
    %cmp/u;
    %jmp/1 T_1.11, 6;
    %pushi/vec4 0, 0, 10;
    %store/vec4 v0x138e6f5e0_0, 0, 10;
    %jmp T_1.13;
T_1.2 ;
    %load/vec4 v0x138e6f530_0;
    %store/vec4 v0x138e6f5e0_0, 0, 10;
    %jmp T_1.13;
T_1.3 ;
    %load/vec4 v0x138e6f530_0;
    %ix/load 4, 1, 0;
    %flag_set/imm 4, 0;
    %shiftr 4;
    %store/vec4 v0x138e6f5e0_0, 0, 10;
    %jmp T_1.13;
T_1.4 ;
    %load/vec4 v0x138e6f530_0;
    %ix/load 4, 2, 0;
    %flag_set/imm 4, 0;
    %shiftr 4;
    %store/vec4 v0x138e6f5e0_0, 0, 10;
    %jmp T_1.13;
T_1.5 ;
    %load/vec4 v0x138e6f530_0;
    %ix/load 4, 3, 0;
    %flag_set/imm 4, 0;
    %shiftr 4;
    %store/vec4 v0x138e6f5e0_0, 0, 10;
    %jmp T_1.13;
T_1.6 ;
    %load/vec4 v0x138e6f530_0;
    %ix/load 4, 4, 0;
    %flag_set/imm 4, 0;
    %shiftr 4;
    %store/vec4 v0x138e6f5e0_0, 0, 10;
    %jmp T_1.13;
T_1.7 ;
    %load/vec4 v0x138e6f530_0;
    %ix/load 4, 5, 0;
    %flag_set/imm 4, 0;
    %shiftr 4;
    %store/vec4 v0x138e6f5e0_0, 0, 10;
    %jmp T_1.13;
T_1.8 ;
    %load/vec4 v0x138e6f530_0;
    %ix/load 4, 6, 0;
    %flag_set/imm 4, 0;
    %shiftr 4;
    %store/vec4 v0x138e6f5e0_0, 0, 10;
    %jmp T_1.13;
T_1.9 ;
    %load/vec4 v0x138e6f530_0;
    %ix/load 4, 7, 0;
    %flag_set/imm 4, 0;
    %shiftr 4;
    %store/vec4 v0x138e6f5e0_0, 0, 10;
    %jmp T_1.13;
T_1.10 ;
    %load/vec4 v0x138e6f530_0;
    %ix/load 4, 8, 0;
    %flag_set/imm 4, 0;
    %shiftr 4;
    %store/vec4 v0x138e6f5e0_0, 0, 10;
    %jmp T_1.13;
T_1.11 ;
    %load/vec4 v0x138e6f530_0;
    %ix/load 4, 9, 0;
    %flag_set/imm 4, 0;
    %shiftr 4;
    %store/vec4 v0x138e6f5e0_0, 0, 10;
    %jmp T_1.13;
T_1.13 ;
    %pop/vec4 1;
    %jmp T_1.1;
T_1.0 ;
    %load/vec4 v0x138e6f530_0;
    %store/vec4 v0x138e6f5e0_0, 0, 10;
T_1.1 ;
    %jmp T_1;
    .thread T_1, $push;
    .scope S_0x138e35bf0;
T_2 ;
    %wait E_0x138e0c220;
    %load/vec4 v0x138e6efb0_0;
    %ix/load 4, 10, 0;
    %flag_set/imm 4, 0;
    %shiftr 4;
    %load/vec4 v0x138e6f060_0;
    %parti/s 1, 0, 2;
    %replicate 21;
    %and;
    %ix/load 4, 0, 0;
    %flag_set/imm 4, 0;
    %store/vec4a v0x138e6f730, 4, 0;
    %load/vec4 v0x138e6efb0_0;
    %ix/load 4, 9, 0;
    %flag_set/imm 4, 0;
    %shiftr 4;
    %load/vec4 v0x138e6f060_0;
    %parti/s 1, 1, 2;
    %replicate 21;
    %and;
    %ix/load 4, 1, 0;
    %flag_set/imm 4, 0;
    %store/vec4a v0x138e6f730, 4, 0;
    %load/vec4 v0x138e6efb0_0;
    %ix/load 4, 8, 0;
    %flag_set/imm 4, 0;
    %shiftr 4;
    %load/vec4 v0x138e6f060_0;
    %parti/s 1, 2, 3;
    %replicate 21;
    %and;
    %ix/load 4, 2, 0;
    %flag_set/imm 4, 0;
    %store/vec4a v0x138e6f730, 4, 0;
    %load/vec4 v0x138e6efb0_0;
    %ix/load 4, 7, 0;
    %flag_set/imm 4, 0;
    %shiftr 4;
    %load/vec4 v0x138e6f060_0;
    %parti/s 1, 3, 3;
    %replicate 21;
    %and;
    %ix/load 4, 3, 0;
    %flag_set/imm 4, 0;
    %store/vec4a v0x138e6f730, 4, 0;
    %load/vec4 v0x138e6efb0_0;
    %ix/load 4, 6, 0;
    %flag_set/imm 4, 0;
    %shiftr 4;
    %load/vec4 v0x138e6f060_0;
    %parti/s 1, 4, 4;
    %replicate 21;
    %and;
    %ix/load 4, 4, 0;
    %flag_set/imm 4, 0;
    %store/vec4a v0x138e6f730, 4, 0;
    %load/vec4 v0x138e6efb0_0;
    %ix/load 4, 5, 0;
    %flag_set/imm 4, 0;
    %shiftr 4;
    %load/vec4 v0x138e6f060_0;
    %parti/s 1, 5, 4;
    %replicate 21;
    %and;
    %ix/load 4, 5, 0;
    %flag_set/imm 4, 0;
    %store/vec4a v0x138e6f730, 4, 0;
    %load/vec4 v0x138e6efb0_0;
    %ix/load 4, 4, 0;
    %flag_set/imm 4, 0;
    %shiftr 4;
    %load/vec4 v0x138e6f060_0;
    %parti/s 1, 6, 4;
    %replicate 21;
    %and;
    %ix/load 4, 6, 0;
    %flag_set/imm 4, 0;
    %store/vec4a v0x138e6f730, 4, 0;
    %load/vec4 v0x138e6efb0_0;
    %ix/load 4, 3, 0;
    %flag_set/imm 4, 0;
    %shiftr 4;
    %load/vec4 v0x138e6f060_0;
    %parti/s 1, 7, 4;
    %replicate 21;
    %and;
    %ix/load 4, 7, 0;
    %flag_set/imm 4, 0;
    %store/vec4a v0x138e6f730, 4, 0;
    %load/vec4 v0x138e6efb0_0;
    %ix/load 4, 2, 0;
    %flag_set/imm 4, 0;
    %shiftr 4;
    %load/vec4 v0x138e6f060_0;
    %parti/s 1, 8, 5;
    %replicate 21;
    %and;
    %ix/load 4, 8, 0;
    %flag_set/imm 4, 0;
    %store/vec4a v0x138e6f730, 4, 0;
    %load/vec4 v0x138e6efb0_0;
    %ix/load 4, 1, 0;
    %flag_set/imm 4, 0;
    %shiftr 4;
    %load/vec4 v0x138e6f060_0;
    %parti/s 1, 9, 5;
    %replicate 21;
    %and;
    %ix/load 4, 9, 0;
    %flag_set/imm 4, 0;
    %store/vec4a v0x138e6f730, 4, 0;
    %load/vec4 v0x138e6efb0_0;
    %load/vec4 v0x138e6f060_0;
    %parti/s 1, 10, 5;
    %replicate 21;
    %and;
    %ix/load 4, 10, 0;
    %flag_set/imm 4, 0;
    %store/vec4a v0x138e6f730, 4, 0;
    %jmp T_2;
    .thread T_2, $push;
    .scope S_0x138e35bf0;
T_3 ;
    %wait E_0x138e09870;
    %load/vec4 v0x138e6fae0_0;
    %dup/vec4;
    %pushi/vec4 1048575, 524287, 22;
    %cmp/x;
    %jmp/1 T_3.0, 4;
    %dup/vec4;
    %pushi/vec4 524287, 262143, 22;
    %cmp/x;
    %jmp/1 T_3.1, 4;
    %dup/vec4;
    %pushi/vec4 262143, 131071, 22;
    %cmp/x;
    %jmp/1 T_3.2, 4;
    %dup/vec4;
    %pushi/vec4 131071, 65535, 22;
    %cmp/x;
    %jmp/1 T_3.3, 4;
    %dup/vec4;
    %pushi/vec4 65535, 32767, 22;
    %cmp/x;
    %jmp/1 T_3.4, 4;
    %dup/vec4;
    %pushi/vec4 32767, 16383, 22;
    %cmp/x;
    %jmp/1 T_3.5, 4;
    %dup/vec4;
    %pushi/vec4 16383, 8191, 22;
    %cmp/x;
    %jmp/1 T_3.6, 4;
    %dup/vec4;
    %pushi/vec4 8191, 4095, 22;
    %cmp/x;
    %jmp/1 T_3.7, 4;
    %dup/vec4;
    %pushi/vec4 4095, 2047, 22;
    %cmp/x;
    %jmp/1 T_3.8, 4;
    %dup/vec4;
    %pushi/vec4 2047, 1023, 22;
    %cmp/x;
    %jmp/1 T_3.9, 4;
    %dup/vec4;
    %pushi/vec4 1023, 511, 22;
    %cmp/x;
    %jmp/1 T_3.10, 4;
    %dup/vec4;
    %pushi/vec4 511, 255, 22;
    %cmp/x;
    %jmp/1 T_3.11, 4;
    %dup/vec4;
    %pushi/vec4 255, 127, 22;
    %cmp/x;
    %jmp/1 T_3.12, 4;
    %dup/vec4;
    %pushi/vec4 127, 63, 22;
    %cmp/x;
    %jmp/1 T_3.13, 4;
    %dup/vec4;
    %pushi/vec4 63, 31, 22;
    %cmp/x;
    %jmp/1 T_3.14, 4;
    %dup/vec4;
    %pushi/vec4 31, 15, 22;
    %cmp/x;
    %jmp/1 T_3.15, 4;
    %dup/vec4;
    %pushi/vec4 15, 7, 22;
    %cmp/x;
    %jmp/1 T_3.16, 4;
    %dup/vec4;
    %pushi/vec4 7, 3, 22;
    %cmp/x;
    %jmp/1 T_3.17, 4;
    %dup/vec4;
    %pushi/vec4 3, 1, 22;
    %cmp/x;
    %jmp/1 T_3.18, 4;
    %pushi/vec4 0, 0, 10;
    %store/vec4 v0x138e6f530_0, 0, 10;
    %jmp T_3.20;
T_3.0 ;
    %load/vec4 v0x138e6fae0_0;
    %parti/s 10, 9, 5;
    %store/vec4 v0x138e6f530_0, 0, 10;
    %jmp T_3.20;
T_3.1 ;
    %load/vec4 v0x138e6fae0_0;
    %parti/s 10, 8, 5;
    %store/vec4 v0x138e6f530_0, 0, 10;
    %jmp T_3.20;
T_3.2 ;
    %load/vec4 v0x138e6fae0_0;
    %parti/s 10, 7, 4;
    %store/vec4 v0x138e6f530_0, 0, 10;
    %jmp T_3.20;
T_3.3 ;
    %load/vec4 v0x138e6fae0_0;
    %parti/s 10, 6, 4;
    %store/vec4 v0x138e6f530_0, 0, 10;
    %jmp T_3.20;
T_3.4 ;
    %load/vec4 v0x138e6fae0_0;
    %parti/s 10, 5, 4;
    %store/vec4 v0x138e6f530_0, 0, 10;
    %jmp T_3.20;
T_3.5 ;
    %load/vec4 v0x138e6fae0_0;
    %parti/s 10, 4, 4;
    %store/vec4 v0x138e6f530_0, 0, 10;
    %jmp T_3.20;
T_3.6 ;
    %load/vec4 v0x138e6fae0_0;
    %parti/s 10, 3, 3;
    %store/vec4 v0x138e6f530_0, 0, 10;
    %jmp T_3.20;
T_3.7 ;
    %load/vec4 v0x138e6fae0_0;
    %parti/s 10, 2, 3;
    %store/vec4 v0x138e6f530_0, 0, 10;
    %jmp T_3.20;
T_3.8 ;
    %load/vec4 v0x138e6fae0_0;
    %parti/s 10, 1, 2;
    %store/vec4 v0x138e6f530_0, 0, 10;
    %jmp T_3.20;
T_3.9 ;
    %load/vec4 v0x138e6fae0_0;
    %parti/s 10, 0, 2;
    %store/vec4 v0x138e6f530_0, 0, 10;
    %jmp T_3.20;
T_3.10 ;
    %load/vec4 v0x138e6fae0_0;
    %parti/s 9, 0, 2;
    %concati/vec4 0, 0, 1;
    %store/vec4 v0x138e6f530_0, 0, 10;
    %jmp T_3.20;
T_3.11 ;
    %load/vec4 v0x138e6fae0_0;
    %parti/s 8, 0, 2;
    %concati/vec4 0, 0, 2;
    %store/vec4 v0x138e6f530_0, 0, 10;
    %jmp T_3.20;
T_3.12 ;
    %load/vec4 v0x138e6fae0_0;
    %parti/s 7, 0, 2;
    %concati/vec4 0, 0, 3;
    %store/vec4 v0x138e6f530_0, 0, 10;
    %jmp T_3.20;
T_3.13 ;
    %load/vec4 v0x138e6fae0_0;
    %parti/s 6, 0, 2;
    %concati/vec4 0, 0, 4;
    %store/vec4 v0x138e6f530_0, 0, 10;
    %jmp T_3.20;
T_3.14 ;
    %load/vec4 v0x138e6fae0_0;
    %parti/s 5, 0, 2;
    %concati/vec4 0, 0, 5;
    %store/vec4 v0x138e6f530_0, 0, 10;
    %jmp T_3.20;
T_3.15 ;
    %load/vec4 v0x138e6fae0_0;
    %parti/s 4, 0, 2;
    %concati/vec4 0, 0, 6;
    %store/vec4 v0x138e6f530_0, 0, 10;
    %jmp T_3.20;
T_3.16 ;
    %load/vec4 v0x138e6fae0_0;
    %parti/s 3, 0, 2;
    %concati/vec4 0, 0, 7;
    %store/vec4 v0x138e6f530_0, 0, 10;
    %jmp T_3.20;
T_3.17 ;
    %load/vec4 v0x138e6fae0_0;
    %parti/s 2, 0, 2;
    %concati/vec4 0, 0, 8;
    %store/vec4 v0x138e6f530_0, 0, 10;
    %jmp T_3.20;
T_3.18 ;
    %load/vec4 v0x138e6fae0_0;
    %parti/s 1, 0, 2;
    %concati/vec4 0, 0, 9;
    %store/vec4 v0x138e6f530_0, 0, 10;
    %jmp T_3.20;
T_3.20 ;
    %pop/vec4 1;
    %jmp T_3;
    .thread T_3, $push;
    .scope S_0x138e35bf0;
T_4 ;
    %wait E_0x138e09870;
    %load/vec4 v0x138e6fae0_0;
    %dup/vec4;
    %pushi/vec4 1048575, 524287, 22;
    %cmp/x;
    %jmp/1 T_4.0, 4;
    %dup/vec4;
    %pushi/vec4 524287, 262143, 22;
    %cmp/x;
    %jmp/1 T_4.1, 4;
    %dup/vec4;
    %pushi/vec4 262143, 131071, 22;
    %cmp/x;
    %jmp/1 T_4.2, 4;
    %dup/vec4;
    %pushi/vec4 131071, 65535, 22;
    %cmp/x;
    %jmp/1 T_4.3, 4;
    %dup/vec4;
    %pushi/vec4 65535, 32767, 22;
    %cmp/x;
    %jmp/1 T_4.4, 4;
    %dup/vec4;
    %pushi/vec4 32767, 16383, 22;
    %cmp/x;
    %jmp/1 T_4.5, 4;
    %dup/vec4;
    %pushi/vec4 16383, 8191, 22;
    %cmp/x;
    %jmp/1 T_4.6, 4;
    %dup/vec4;
    %pushi/vec4 8191, 4095, 22;
    %cmp/x;
    %jmp/1 T_4.7, 4;
    %dup/vec4;
    %pushi/vec4 4095, 2047, 22;
    %cmp/x;
    %jmp/1 T_4.8, 4;
    %dup/vec4;
    %pushi/vec4 2047, 1023, 22;
    %cmp/x;
    %jmp/1 T_4.9, 4;
    %dup/vec4;
    %pushi/vec4 1023, 511, 22;
    %cmp/x;
    %jmp/1 T_4.10, 4;
    %dup/vec4;
    %pushi/vec4 511, 255, 22;
    %cmp/x;
    %jmp/1 T_4.11, 4;
    %dup/vec4;
    %pushi/vec4 255, 127, 22;
    %cmp/x;
    %jmp/1 T_4.12, 4;
    %dup/vec4;
    %pushi/vec4 127, 63, 22;
    %cmp/x;
    %jmp/1 T_4.13, 4;
    %dup/vec4;
    %pushi/vec4 63, 31, 22;
    %cmp/x;
    %jmp/1 T_4.14, 4;
    %dup/vec4;
    %pushi/vec4 31, 15, 22;
    %cmp/x;
    %jmp/1 T_4.15, 4;
    %dup/vec4;
    %pushi/vec4 15, 7, 22;
    %cmp/x;
    %jmp/1 T_4.16, 4;
    %dup/vec4;
    %pushi/vec4 7, 3, 22;
    %cmp/x;
    %jmp/1 T_4.17, 4;
    %dup/vec4;
    %pushi/vec4 3, 1, 22;
    %cmp/x;
    %jmp/1 T_4.18, 4;
    %pushi/vec4 0, 0, 5;
    %store/vec4 v0x138e6eb00_0, 0, 5;
    %jmp T_4.20;
T_4.0 ;
    %pushi/vec4 1, 0, 5;
    %store/vec4 v0x138e6eb00_0, 0, 5;
    %jmp T_4.20;
T_4.1 ;
    %pushi/vec4 2, 0, 5;
    %store/vec4 v0x138e6eb00_0, 0, 5;
    %jmp T_4.20;
T_4.2 ;
    %pushi/vec4 3, 0, 5;
    %store/vec4 v0x138e6eb00_0, 0, 5;
    %jmp T_4.20;
T_4.3 ;
    %pushi/vec4 4, 0, 5;
    %store/vec4 v0x138e6eb00_0, 0, 5;
    %jmp T_4.20;
T_4.4 ;
    %pushi/vec4 5, 0, 5;
    %store/vec4 v0x138e6eb00_0, 0, 5;
    %jmp T_4.20;
T_4.5 ;
    %pushi/vec4 6, 0, 5;
    %store/vec4 v0x138e6eb00_0, 0, 5;
    %jmp T_4.20;
T_4.6 ;
    %pushi/vec4 7, 0, 5;
    %store/vec4 v0x138e6eb00_0, 0, 5;
    %jmp T_4.20;
T_4.7 ;
    %pushi/vec4 8, 0, 5;
    %store/vec4 v0x138e6eb00_0, 0, 5;
    %jmp T_4.20;
T_4.8 ;
    %pushi/vec4 9, 0, 5;
    %store/vec4 v0x138e6eb00_0, 0, 5;
    %jmp T_4.20;
T_4.9 ;
    %pushi/vec4 10, 0, 5;
    %store/vec4 v0x138e6eb00_0, 0, 5;
    %jmp T_4.20;
T_4.10 ;
    %pushi/vec4 11, 0, 5;
    %store/vec4 v0x138e6eb00_0, 0, 5;
    %jmp T_4.20;
T_4.11 ;
    %pushi/vec4 12, 0, 5;
    %store/vec4 v0x138e6eb00_0, 0, 5;
    %jmp T_4.20;
T_4.12 ;
    %pushi/vec4 13, 0, 5;
    %store/vec4 v0x138e6eb00_0, 0, 5;
    %jmp T_4.20;
T_4.13 ;
    %pushi/vec4 14, 0, 5;
    %store/vec4 v0x138e6eb00_0, 0, 5;
    %jmp T_4.20;
T_4.14 ;
    %pushi/vec4 15, 0, 5;
    %store/vec4 v0x138e6eb00_0, 0, 5;
    %jmp T_4.20;
T_4.15 ;
    %pushi/vec4 16, 0, 5;
    %store/vec4 v0x138e6eb00_0, 0, 5;
    %jmp T_4.20;
T_4.16 ;
    %pushi/vec4 17, 0, 5;
    %store/vec4 v0x138e6eb00_0, 0, 5;
    %jmp T_4.20;
T_4.17 ;
    %pushi/vec4 18, 0, 5;
    %store/vec4 v0x138e6eb00_0, 0, 5;
    %jmp T_4.20;
T_4.18 ;
    %pushi/vec4 19, 0, 5;
    %store/vec4 v0x138e6eb00_0, 0, 5;
    %jmp T_4.20;
T_4.20 ;
    %pop/vec4 1;
    %jmp T_4;
    .thread T_4, $push;
# The file index is used to find the file name in the following table.
:file_names 3;
    "N/A";
    "<interactive>";
    "/Users/sakamoto/e203_-accelerator/rtl/float_multi.v";
