Picked up _JAVA_OPTIONS:  -XX:+ExitOnOutOfMemoryError -XX:OnOutOfMemoryError="touch /home/sakamoto/E203_Accelerator/verisium_debug_logs/out_of_memory_error" 
CompilerOracle: exclude javax/swing/text/GlyphView.getBreakSpot
Loading libdac.so from /opt/cadence/verisiumdebug23.09/tools/lib/64bit/libdac.so
in 'JDACTBDataProvider::openDBInner', dbPath = /home/sakamoto/E203_Accelerator/SmartLogWaves.db/SmartLogWaves.shm, getExplicitLwdFlag() = null


**** found lwd dir to be: /home/sakamoto/E203_Accelerator/xcelium.d/worklib/icb_slave_tb/sv



**** found cdslib to be: /home/sakamoto/E203_Accelerator/xcelium.d/run.d/cds.lib

in 'SimConnect::loadSnapshotHelper', 'dbH' represents 'SmartLogWaves' db, 'lwdDbH' represents 'SmartLogWaves' db, PPEAttributes were fetched from 'SmartLogWaves' db. PPEAttributes values:
    isAutofetch = false
    isPersistentSources = false
    isXprop = false
    cdslib = /home/sakamoto/E203_Accelerator/xcelium.d/run.d/cds.lib
    snapshot = worklib.icb_slave_tb:sv
    workdir = /home/sakamoto/E203_Accelerator
    xceliumDir = /home/sakamoto/E203_Accelerator/xcelium.d
    rundDir = /home/sakamoto/E203_Accelerator/xcelium.d/run.d
    bits = 64
    cds_implicit_tmpdir = 
    cds_alternate_tmpdir = 
    du_agent = 
    lwddir = /home/sakamoto/E203_Accelerator/xcelium.d/worklib/icb_slave_tb/sv
    cds_alternate_cdslib = 
    elab_options = -CDSLIB ./xcelium.d/run.lnx8664.23.09.d/cds.lib -HDLVAR ./xcelium.d/run.lnx8664.23.09.d/hdl.var -WORK worklib -MESSAGES -ACCESS +rwc worklib.icb_slave_tb:sv
    found = true
    nclsRun = false
    includeCdslib = true
    nclsOpts =  -snapshot -cdslib /home/sakamoto/E203_Accelerator/xcelium.d/run.d/cds.lib -64
    isMceMode = false
    isMceInvolved = false
    mceLshmDbPath = 
    lowPowerInformationAvailable = false
    hasLshmFile = false
    workdirIsDirectory = true
    hasOverlayRelatedInformation = true
    cds_implicit_tmplib = worklib
    cds_other_implicit_tmplibs = 

in 'SimConnect::generateIppeCommand', cmd = [/opt/cadence/verisiumdebug23.09/tools.lnx86/simvision/bin/64bit/ippe, -nocopyright, -nowarn, DLNOCL, -xlm_install_root, /opt/cadence/xceliummain23.09, -cdslib, /home/sakamoto/E203_Accelerator/xcelium.d/run.d/cds.lib, -snapshot, worklib.icb_slave_tb:sv, -64]
in 'SimConnect::execIPPE_usingPreEstablishedServiceConnection', ippe process pid = 21804


in 'SimConnect::simControlConnectWithPreEstablishedConnection' overlay db = SmartLogWaves, overlayH = 9, is valid = true, operation = dapOpenOverlay, duFilename = null, isLiveSim = false

Dump DB Order:
Strap design: SmartLogWaves #9
 --> SmartLogWaves, path = /home/sakamoto/E203_Accelerator/SmartLogWaves.db/SmartLogWaves.shm/SmartLogWaves.dsn, type = 4, #16

End of dump DB Order



Dump DB Order:
Strap design: SmartLogWaves #9
 --> SmartLogWaves, path = /home/sakamoto/E203_Accelerator/SmartLogWaves.db/SmartLogWaves.shm/SmartLogWaves.dsn, type = 4, #16

End of dump DB Order


### Excluding compile: javax.swing.text.GlyphView::getBreakSpot
in 'JDACTBDataProvider::notifyLiveConnectionDB', sessionId = shell



Gtk-Message: 10:28:19.023: Failed to load module "canberra-gtk-module"



**** found lwd dir to be: /home/sakamoto/E203_Accelerator/xcelium.d/worklib/icb_slave_tb/sv



**** found cdslib to be: /home/sakamoto/E203_Accelerator/xcelium.d/run.d/cds.lib



**** found lwd dir to be: /home/sakamoto/E203_Accelerator/xcelium.d/worklib/icb_slave_tb/sv



**** found cdslib to be: /home/sakamoto/E203_Accelerator/xcelium.d/run.d/cds.lib



**** found lwd dir to be: /home/sakamoto/E203_Accelerator/xcelium.d/worklib/icb_slave_tb/sv



**** found cdslib to be: /home/sakamoto/E203_Accelerator/xcelium.d/run.d/cds.lib


Dump DB Order:
Strap design: SmartLogWaves #9

End of dump DB Order


