============================================================
  Generated by:           Genus(TM) Synthesis Solution 20.10-p001_1
  Generated on:           Apr 11 2025  02:05:31 am
  Module:                 acc_top
  Operating conditions:   typical (balanced_tree)
  Wireload mode:          enclosed
  Area mode:              timing library
============================================================

                  Instance                         Module       Cell Count   Cell Area  Net Area   Total Area       Wireload      
----------------------------------------------------------------------------------------------------------------------------------
acc_top                                                              66229 2659492.391     0.000  2659492.391 5K_hvratio_1_1 (D)  
  genblk2[0].u_gelu_u_float_multi_1          floatMult_19              566     741.342     0.000      741.342 5K_hvratio_1_1 (D)  
  genblk2[0].u_gelu_u_float_multi_2          floatMult_38              566     746.396     0.000      746.396 5K_hvratio_1_1 (D)  
  genblk2[0].u_gelu_u_float_multi_x          floatMult_37               49      42.826     0.000       42.826 5K_hvratio_1_1 (D)  
  genblk2[1].u_gelu_u_float_multi_1          floatMult_19_6103         566     741.342     0.000      741.342 5K_hvratio_1_1 (D)  
  genblk2[1].u_gelu_u_float_multi_2          floatMult_38_919          566     746.396     0.000      746.396 5K_hvratio_1_1 (D)  
  genblk2[1].u_gelu_u_float_multi_x          floatMult_37_914           49      42.826     0.000       42.826 5K_hvratio_1_1 (D)  
  genblk2[2].u_gelu_u_float_multi_1          floatMult_19_6104         566     741.342     0.000      741.342 5K_hvratio_1_1 (D)  
  genblk2[2].u_gelu_u_float_multi_2          floatMult_38_918          566     746.396     0.000      746.396 5K_hvratio_1_1 (D)  
  genblk2[2].u_gelu_u_float_multi_x          floatMult_37_915           49      42.826     0.000       42.826 5K_hvratio_1_1 (D)  
  genblk2[3].u_gelu_u_float_multi_1          floatMult_19_6105         566     741.342     0.000      741.342 5K_hvratio_1_1 (D)  
  genblk2[3].u_gelu_u_float_multi_2          floatMult_38_917          566     746.396     0.000      746.396 5K_hvratio_1_1 (D)  
  genblk2[3].u_gelu_u_float_multi_x          floatMult_37_916           49      42.826     0.000       42.826 5K_hvratio_1_1 (D)  
  u_conv_control                             conv_control            25469   37182.810     0.000    37182.810 5K_hvratio_1_1 (D)  
    u_conv_kernal_genblk1[0].u_float_multi_1 floatMult                 776    1139.544     0.000     1139.544 5K_hvratio_1_1 (D)  
    u_conv_kernal_genblk1[0].u_float_multi_2 floatMult_900             776    1139.544     0.000     1139.544 5K_hvratio_1_1 (D)  
    u_conv_kernal_genblk1[1].u_float_multi_1 floatMult_899             776    1139.544     0.000     1139.544 5K_hvratio_1_1 (D)  
    u_conv_kernal_genblk1[1].u_float_multi_2 floatMult_898             776    1139.544     0.000     1139.544 5K_hvratio_1_1 (D)  
    u_conv_kernal_genblk1[2].u_float_multi_1 floatMult_897             776    1139.544     0.000     1139.544 5K_hvratio_1_1 (D)  
    u_conv_kernal_genblk1[2].u_float_multi_2 floatMult_896             776    1139.544     0.000     1139.544 5K_hvratio_1_1 (D)  
    u_conv_kernal_genblk1[3].u_float_multi_1 floatMult_895             778    1140.874     0.000     1140.874 5K_hvratio_1_1 (D)  
    u_conv_kernal_genblk1[3].u_float_multi_2 floatMult_894             778    1140.874     0.000     1140.874 5K_hvratio_1_1 (D)  
    u_conv_kernal_genblk1[4].u_float_multi_1 floatMult_893             776    1139.544     0.000     1139.544 5K_hvratio_1_1 (D)  
    u_conv_kernal_genblk1[4].u_float_multi_2 floatMult_892             776    1139.544     0.000     1139.544 5K_hvratio_1_1 (D)  
    u_conv_kernal_genblk1[5].u_float_multi_1 floatMult_891             776    1139.544     0.000     1139.544 5K_hvratio_1_1 (D)  
    u_conv_kernal_genblk1[5].u_float_multi_2 floatMult_890             776    1139.544     0.000     1139.544 5K_hvratio_1_1 (D)  
    u_conv_kernal_genblk1[6].u_float_multi_1 floatMult_889             778    1140.874     0.000     1140.874 5K_hvratio_1_1 (D)  
    u_conv_kernal_genblk1[6].u_float_multi_2 floatMult_888             778    1140.874     0.000     1140.874 5K_hvratio_1_1 (D)  
    u_conv_kernal_genblk1[7].u_float_multi_1 floatMult_887             776    1139.544     0.000     1139.544 5K_hvratio_1_1 (D)  
    u_conv_kernal_genblk1[7].u_float_multi_2 floatMult_886             776    1139.544     0.000     1139.544 5K_hvratio_1_1 (D)  
    u_conv_kernal_genblk1[8].u_float_multi_1 floatMult_885             776    1139.544     0.000     1139.544 5K_hvratio_1_1 (D)  
    u_conv_kernal_genblk1[8].u_float_multi_2 floatMult_884             776    1139.544     0.000     1139.544 5K_hvratio_1_1 (D)  
  u_div_100                                  floatMult_42              551     654.360     0.000      654.360 5K_hvratio_1_1 (D)  
  u_icb_slave                                icb_slave                 284     636.804     0.000      636.804 5K_hvratio_1_1 (D)  
  (D) = wireload is default in technology library
